Loaded input file "ring.inp"

Parameters read from "ring.inp":
    n_atoms = 10
    ring = True

Chain object was generated.

Chain was closed to form a ring.

The Huckel matrix of this system is:

 0.00 -1.00  0.00  0.00  0.00  0.00  0.00  0.00  0.00 -1.00
-1.00  0.00 -1.00  0.00  0.00  0.00  0.00  0.00  0.00  0.00
 0.00 -1.00  0.00 -1.00  0.00  0.00  0.00  0.00  0.00  0.00
 0.00  0.00 -1.00  0.00 -1.00  0.00  0.00  0.00  0.00  0.00
 0.00  0.00  0.00 -1.00  0.00 -1.00  0.00  0.00  0.00  0.00
 0.00  0.00  0.00  0.00 -1.00  0.00 -1.00  0.00  0.00  0.00
 0.00  0.00  0.00  0.00  0.00 -1.00  0.00 -1.00  0.00  0.00
 0.00  0.00  0.00  0.00  0.00  0.00 -1.00  0.00 -1.00  0.00
 0.00  0.00  0.00  0.00  0.00  0.00  0.00 -1.00  0.00 -1.00
-1.00  0.00  0.00  0.00  0.00  0.00  0.00  0.00 -1.00  0.00

The eigenvalues of the Huckel matrix are:

-2.00000
-1.61803
-1.61803
-0.61803
-0.61803
 0.61803
 0.61803
 1.61803
 1.61803
 2.00000

The eigenvectos (in columns) of the Huckel matrix are:

 0.31623 -0.44721  0.00823  0.44721  0.02658  0.44721 -0.02058  0.01810 -0.44721  0.31623
 0.31623 -0.36180  0.26948  0.13820  0.43279 -0.13820 -0.41852 -0.27730  0.36180 -0.31623
 0.31623 -0.13820  0.42780 -0.36180  0.24090 -0.36180  0.27923  0.43057 -0.13820  0.31623
 0.31623  0.13820  0.42271 -0.36180 -0.28390  0.36180  0.24594 -0.41938 -0.13820 -0.31623
 0.31623  0.36180  0.25616  0.13820 -0.41636  0.13820 -0.43123  0.24800  0.36180  0.31623
 0.31623  0.44721 -0.00823  0.44721  0.02658 -0.44721  0.02058  0.01810 -0.44721 -0.31623
 0.31623  0.36180 -0.26948  0.13820  0.43279  0.13820  0.41852 -0.27730  0.36180  0.31623
 0.31623  0.13820 -0.42780 -0.36180  0.24090  0.36180 -0.27923  0.43057 -0.13820 -0.31623
 0.31623 -0.13820 -0.42271 -0.36180 -0.28390 -0.36180 -0.24594 -0.41938 -0.13820  0.31623
 0.31623 -0.36180 -0.25616  0.13820 -0.41636 -0.13820  0.43123  0.24800  0.36180 -0.31623
