Loaded input file "ring_atoms.inp"

Parameters read from "ring_atoms.inp":
    n_atoms = 10
    ring = True
    alternate_alpha = 1

Chain object was generated.

Chain was closed to form a ring.
Different atom types found in the system: Alternating alpha is  1.00

The Huckel matrix of this system is:

 0.00 -1.00  0.00  0.00  0.00  0.00  0.00  0.00  0.00 -1.00
-1.00  1.00 -1.00  0.00  0.00  0.00  0.00  0.00  0.00  0.00
 0.00 -1.00  0.00 -1.00  0.00  0.00  0.00  0.00  0.00  0.00
 0.00  0.00 -1.00  1.00 -1.00  0.00  0.00  0.00  0.00  0.00
 0.00  0.00  0.00 -1.00  0.00 -1.00  0.00  0.00  0.00  0.00
 0.00  0.00  0.00  0.00 -1.00  1.00 -1.00  0.00  0.00  0.00
 0.00  0.00  0.00  0.00  0.00 -1.00  0.00 -1.00  0.00  0.00
 0.00  0.00  0.00  0.00  0.00  0.00 -1.00  1.00 -1.00  0.00
 0.00  0.00  0.00  0.00  0.00  0.00  0.00 -1.00  0.00 -1.00
-1.00  0.00  0.00  0.00  0.00  0.00  0.00  0.00 -1.00  1.00

The eigenvalues of the Huckel matrix are:

-1.56155
-1.19353
-1.19353
-0.29496
-0.29496
 1.29496
 1.29496
 2.19353
 2.19353
 2.56155

The eigenvectos (in columns) of the Huckel matrix are:

 0.35250  0.01030  0.50897  0.57078 -0.17360  0.03209  0.27241  0.02878 -0.37544  0.27522
 0.27522 -0.21448  0.30373  0.08418 -0.27241 -0.55985 -0.17638 -0.32985  0.41176 -0.35250
 0.35250 -0.48078  0.15728 -0.46177 -0.17916  0.13304 -0.22039  0.36490 -0.11602  0.27522
 0.27522 -0.35933 -0.11602 -0.22039  0.21956  0.38756  0.46177 -0.47057 -0.15728 -0.35250
 0.35250 -0.30743 -0.41176  0.17638  0.46348 -0.24736  0.08418  0.19674  0.30373  0.27522
 0.27522 -0.00760 -0.37544  0.27241 -0.08285 -0.06725 -0.57078  0.03902 -0.50897 -0.35250
 0.35250  0.29077 -0.41176  0.17638 -0.57077  0.26719  0.08418 -0.24331  0.30373  0.27522
 0.27522  0.35464 -0.11602 -0.22039 -0.08551 -0.27876  0.46177  0.49469 -0.15728 -0.35250
 0.35250  0.48714  0.15728 -0.46177  0.46005 -0.18497 -0.22039 -0.34711 -0.11602  0.27522
 0.27522  0.22678  0.30373  0.08418  0.22120  0.51828 -0.17638  0.26671  0.41176 -0.35250
